<?xml version="1.0" encoding="UTF-8"?>
<!-- Generated by org.testng.reporters.JUnitReportReporter -->
<testsuite hostname="ELANKO" failures="0" tests="5" name="org.testng.Parameter" time="0.490" errors="0" timestamp="01 Sep 2024 10:15:48 GMT" skipped="1">
  <testcase classname="org.testng.Parameter" name="tc3" time="0.445"/>
  <testcase classname="org.testng.Parameter" name="tc1" time="0.015"/>
  <testcase classname="org.testng.Parameter" name="tc1" time="0.015"/>
  <testcase classname="org.testng.Parameter" name="tc1" time="0.015"/>
  <testcase classname="org.testng.Parameter" name="tc2">
    <skipped/>
  </testcase> <!-- tc2 -->
</testsuite> <!-- org.testng.Parameter -->
