<?xml version="1.0" encoding="UTF-8"?>
<!-- Generated by org.testng.reporters.JUnitReportReporter -->
<testsuite hostname="ELANKO" failures="0" tests="3" name="org.testng.TestNg_Task6" time="23.739" errors="0" timestamp="07 Sep 2024 06:42:13 GMT" skipped="0">
  <testcase classname="org.testng.TestNg_Task6" name="tc6" time="5.416"/>
  <testcase classname="org.testng.TestNg_Task6" name="tc6" time="8.891"/>
  <testcase classname="org.testng.TestNg_Task6" name="tc6" time="9.432"/>
</testsuite> <!-- org.testng.TestNg_Task6 -->
