<?xml version="1.0" encoding="UTF-8"?>
<!-- Generated by org.testng.reporters.JUnitReportReporter -->
<testsuite hostname="ELANKO" failures="0" tests="5" name="org.testng.TestNg_Task" time="61.684" errors="0" timestamp="02 Sep 2024 16:37:20 GMT" skipped="0">
  <testcase classname="org.testng.TestNg_Task" name="tc3" time="15.854"/>
  <testcase classname="org.testng.TestNg_Task" name="tc2" time="11.077"/>
  <testcase classname="org.testng.TestNg_Task" name="tc1" time="5.375"/>
  <testcase classname="org.testng.TestNg_Task" name="tc6" time="16.938"/>
  <testcase classname="org.testng.TestNg_Task" name="tc4" time="12.440"/>
</testsuite> <!-- org.testng.TestNg_Task -->
