<?xml version="1.0" encoding="UTF-8"?>
<!-- Generated by org.testng.reporters.JUnitReportReporter -->
<testsuite hostname="ELANKO" failures="0" tests="1" name="org.testng.TestNg_Task8" time="3.747" errors="0" timestamp="01 Sep 2024 10:21:45 GMT" skipped="0">
  <testcase classname="org.testng.TestNg_Task8" name="tc8" time="3.747"/>
</testsuite> <!-- org.testng.TestNg_Task8 -->
