<?xml version="1.0" encoding="UTF-8"?>
<!-- Generated by org.testng.reporters.JUnitReportReporter -->
<testsuite hostname="ELANKO" failures="0" tests="5" name="org.testng.test2" time="0.293" errors="0" timestamp="30 Aug 2024 12:15:27 GMT" skipped="1">
  <testcase classname="org.testng.test2" name="tc1" time="0.015"/>
  <testcase classname="org.testng.test2" name="tc3" time="0.266"/>
  <testcase classname="org.testng.test2" name="tc1" time="0.000"/>
  <testcase classname="org.testng.test2" name="tc1" time="0.012"/>
  <testcase classname="org.testng.test2" name="tc2">
    <skipped/>
  </testcase> <!-- tc2 -->
</testsuite> <!-- org.testng.test2 -->
