<?xml version="1.0" encoding="UTF-8"?>
<!-- Generated by org.testng.reporters.JUnitReportReporter -->
<testsuite hostname="ELANKO" failures="0" tests="5" name="org.testng.Test1" time="0.271" errors="0" timestamp="30 Aug 2024 12:15:27 GMT" skipped="1">
  <testcase classname="org.testng.Test1" name="tc1" time="0.026"/>
  <testcase classname="org.testng.Test1" name="tc1" time="0.029"/>
  <testcase classname="org.testng.Test1" name="tc1" time="0.017"/>
  <testcase classname="org.testng.Test1" name="tc3" time="0.199"/>
  <testcase classname="org.testng.Test1" name="tc2">
    <skipped/>
  </testcase> <!-- tc2 -->
</testsuite> <!-- org.testng.Test1 -->
