<?xml version="1.0" encoding="UTF-8"?>
<!-- Generated by org.testng.reporters.JUnitReportReporter -->
<testsuite hostname="ELANKO" failures="0" tests="7" name="org.testng.DataProviderPrac" time="3.113" errors="0" timestamp="28 Aug 2024 16:35:40 GMT" skipped="1">
  <testcase classname="org.testng.DataProviderPrac" name="tc3" time="1.049"/>
  <testcase classname="org.testng.DataProviderPrac" name="tc3" time="1.111"/>
  <testcase classname="org.testng.DataProviderPrac" name="tc3" time="0.888"/>
  <testcase classname="org.testng.DataProviderPrac" name="tc1" time="0.017"/>
  <testcase classname="org.testng.DataProviderPrac" name="tc1" time="0.024"/>
  <testcase classname="org.testng.DataProviderPrac" name="tc1" time="0.024"/>
  <testcase classname="org.testng.DataProviderPrac" name="tc2">
    <skipped/>
  </testcase> <!-- tc2 -->
</testsuite> <!-- org.testng.DataProviderPrac -->
