<?xml version="1.0" encoding="UTF-8"?>
<!-- Generated by org.testng.reporters.JUnitReportReporter -->
<testsuite hostname="ELANKO" failures="0" tests="3" name="org.testng.GroupingTC" time="0.322" errors="0" timestamp="30 Aug 2024 12:30:21 GMT" skipped="0">
  <testcase classname="org.testng.GroupingTC" name="tc2" time="0.017"/>
  <testcase classname="org.testng.GroupingTC" name="tc1" time="0.064"/>
  <testcase classname="org.testng.GroupingTC" name="tc3" time="0.241"/>
</testsuite> <!-- org.testng.GroupingTC -->
