<?xml version="1.0" encoding="UTF-8"?>
<!-- Generated by org.testng.reporters.JUnitReportReporter -->
<testsuite hostname="ELANKO" failures="0" tests="3" name="org.rerun.Sample" time="40.383" errors="0" timestamp="08 Sep 2024 05:25:41 GMT" skipped="0">
  <testcase classname="org.rerun.Sample" name="TC3" time="9.380"/>
  <testcase classname="org.rerun.Sample" name="TC1" time="19.962"/>
  <testcase classname="org.rerun.Sample" name="TC2" time="11.041"/>
</testsuite> <!-- org.rerun.Sample -->
