<?xml version="1.0" encoding="UTF-8"?>
<!-- Generated by org.testng.reporters.JUnitReportReporter -->
<testsuite hostname="ELANKO" failures="0" tests="14" name="org.testng.DataProviderDD" time="9.577" errors="0" timestamp="30 Aug 2024 06:20:34 GMT" skipped="1">
  <testcase classname="org.testng.DataProviderDD" name="tc3" time="0.882"/>
  <testcase classname="org.testng.DataProviderDD" name="tc3" time="0.953"/>
  <testcase classname="org.testng.DataProviderDD" name="tc3" time="1.023"/>
  <testcase classname="org.testng.DataProviderDD" name="tc3" time="1.147"/>
  <testcase classname="org.testng.DataProviderDD" name="tc3" time="0.905"/>
  <testcase classname="org.testng.DataProviderDD" name="tc3" time="0.900"/>
  <testcase classname="org.testng.DataProviderDD" name="tc3" time="0.977"/>
  <testcase classname="org.testng.DataProviderDD" name="tc3" time="0.923"/>
  <testcase classname="org.testng.DataProviderDD" name="tc3" time="0.886"/>
  <testcase classname="org.testng.DataProviderDD" name="tc3" time="0.932"/>
  <testcase classname="org.testng.DataProviderDD" name="tc1" time="0.017"/>
  <testcase classname="org.testng.DataProviderDD" name="tc1" time="0.016"/>
  <testcase classname="org.testng.DataProviderDD" name="tc1" time="0.016"/>
  <testcase classname="org.testng.DataProviderDD" name="tc2">
    <skipped/>
  </testcase> <!-- tc2 -->
</testsuite> <!-- org.testng.DataProviderDD -->
