<?xml version="1.0" encoding="UTF-8"?>
<!-- Generated by org.testng.reporters.JUnitReportReporter -->
<testsuite hostname="ELANKO" failures="0" tests="7" name="org.testng.Testng_Basic" time="0.308" errors="0" timestamp="08 Sep 2024 05:32:59 GMT" skipped="1">
  <testcase classname="org.testng.Testng_Basic" name="tc4" time="0.010"/>
  <testcase classname="org.testng.Testng_Basic" name="tc5" time="0.003"/>
  <testcase classname="org.testng.Testng_Basic" name="tc1" time="0.020"/>
  <testcase classname="org.testng.Testng_Basic" name="tc1" time="0.024"/>
  <testcase classname="org.testng.Testng_Basic" name="tc3" time="0.236"/>
  <testcase classname="org.testng.Testng_Basic" name="tc1" time="0.015"/>
  <testcase classname="org.testng.Testng_Basic" name="tc2">
    <skipped/>
  </testcase> <!-- tc2 -->
</testsuite> <!-- org.testng.Testng_Basic -->
