<?xml version="1.0" encoding="UTF-8"?>
<!-- Generated by org.testng.reporters.JUnitReportReporter -->
<testsuite hostname="ELANKO" failures="0" tests="3" name="org.testng.TestNg_Task6_1" time="22.785" errors="0" timestamp="08 Sep 2024 04:45:06 GMT" skipped="0">
  <testcase classname="org.testng.TestNg_Task6_1" name="tc3" time="8.335"/>
  <testcase classname="org.testng.TestNg_Task6_1" name="tc2" time="9.319"/>
  <testcase classname="org.testng.TestNg_Task6_1" name="tc1" time="5.131"/>
</testsuite> <!-- org.testng.TestNg_Task6_1 -->
